<?xml version="1.0" encoding="UTF-8"?>
<!-- Generated by org.testng.reporters.JUnitReportReporter -->
<testsuite hostname="LIE-5CG9343RYC" failures="0" tests="5" name="StepDefinitions.TestRunner" time="139.466" errors="0" timestamp="2021-06-10T15:18:33 IST" skipped="0">
  <testcase classname="StepDefinitions.TestRunner" name="runScenario" time="32.233"/>
  <system-out/>
  <testcase classname="StepDefinitions.TestRunner" name="runScenario" time="25.352"/>
  <system-out/>
  <testcase classname="StepDefinitions.TestRunner" name="runScenario" time="27.075"/>
  <system-out/>
  <testcase classname="StepDefinitions.TestRunner" name="runScenario" time="27.512"/>
  <system-out/>
  <testcase classname="StepDefinitions.TestRunner" name="runScenario" time="27.294"/>
  <system-out/>
</testsuite> <!-- StepDefinitions.TestRunner -->
