<?xml version="1.0" encoding="UTF-8"?>
<!-- Generated by org.testng.reporters.JUnitReportReporter -->
<testsuite hostname="LIE-5CG9343RYC" failures="0" tests="5" name="StepDefinitions.TestRunner" time="136.531" errors="0" timestamp="2021-06-08T10:27:36 IST" skipped="0">
  <testcase classname="StepDefinitions.TestRunner" name="runScenario" time="24.800"/>
  <system-out/>
  <testcase classname="StepDefinitions.TestRunner" name="runScenario" time="27.467"/>
  <system-out/>
  <testcase classname="StepDefinitions.TestRunner" name="runScenario" time="24.797"/>
  <system-out/>
  <testcase classname="StepDefinitions.TestRunner" name="runScenario" time="28.398"/>
  <system-out/>
  <testcase classname="StepDefinitions.TestRunner" name="runScenario" time="31.069"/>
  <system-out/>
</testsuite> <!-- StepDefinitions.TestRunner -->
