<?xml version="1.0" encoding="UTF-8"?>
<!-- Generated by org.testng.reporters.JUnitReportReporter -->
<testsuite hostname="LIE-5CG9343RYC" failures="0" tests="5" name="StepDefinitions.TestRunner" time="62.291" errors="0" timestamp="2021-06-08T12:34:48 IST" skipped="0">
  <testcase classname="StepDefinitions.TestRunner" name="runScenario" time="10.885"/>
  <system-out/>
  <testcase classname="StepDefinitions.TestRunner" name="runScenario" time="10.859"/>
  <system-out/>
  <testcase classname="StepDefinitions.TestRunner" name="runScenario" time="10.974"/>
  <system-out/>
  <testcase classname="StepDefinitions.TestRunner" name="runScenario" time="14.844"/>
  <system-out/>
  <testcase classname="StepDefinitions.TestRunner" name="runScenario" time="14.729"/>
  <system-out/>
</testsuite> <!-- StepDefinitions.TestRunner -->
