<?xml version="1.0" encoding="UTF-8"?>
<!-- Generated by org.testng.reporters.JUnitReportReporter -->
<testsuite hostname="LIE-5CG9343RYC" failures="0" tests="3" name="StepDefinitions.SchoolsHtml" time="6.702" errors="0" timestamp="2021-05-24T16:22:42 IST" skipped="0">
  <testcase classname="StepDefinitions.SchoolsHtml" name="validate_title_text" time="0.933"/>
  <system-out/>
  <testcase classname="StepDefinitions.SchoolsHtml" name="check_the_firefox_browser_is_open" time="3.832"/>
  <system-out/>
  <testcase classname="StepDefinitions.SchoolsHtml" name="navigate_to_3schools_home_page" time="1.937"/>
  <system-out/>
</testsuite> <!-- StepDefinitions.SchoolsHtml -->
