<?xml version="1.0" encoding="UTF-8"?>
<!-- Generated by org.testng.reporters.JUnitReportReporter -->
<testsuite hostname="LIE-5CG9343RYC" failures="0" tests="5" name="StepDefinitions.TestRunner" time="99.147" errors="0" timestamp="2021-05-31T14:54:33 IST" skipped="0">
  <testcase classname="StepDefinitions.TestRunner" name="runScenario" time="18.844"/>
  <system-out/>
  <testcase classname="StepDefinitions.TestRunner" name="runScenario" time="19.007"/>
  <system-out/>
  <testcase classname="StepDefinitions.TestRunner" name="runScenario" time="23.659"/>
  <system-out/>
  <testcase classname="StepDefinitions.TestRunner" name="runScenario" time="18.597"/>
  <system-out/>
  <testcase classname="StepDefinitions.TestRunner" name="runScenario" time="19.040"/>
  <system-out/>
</testsuite> <!-- StepDefinitions.TestRunner -->
