<?xml version="1.0" encoding="UTF-8"?>
<!-- Generated by org.testng.reporters.JUnitReportReporter -->
<testsuite hostname="LIE-5CG9343LNV" failures="0" tests="3" name="StepDefinitions.SchoolsHtml" time="10.338" errors="0" timestamp="2021-05-24T17:15:00 IST" skipped="0">
  <testcase classname="StepDefinitions.SchoolsHtml" name="validate_title_text" time="1.258"/>
  <system-out/>
  <testcase classname="StepDefinitions.SchoolsHtml" name="check_the_firefox_browser_is_open" time="6.393"/>
  <system-out/>
  <testcase classname="StepDefinitions.SchoolsHtml" name="navigate_to_3schools_home_page" time="2.687"/>
  <system-out/>
</testsuite> <!-- StepDefinitions.SchoolsHtml -->
