<?xml version="1.0" encoding="UTF-8"?>
<!-- Generated by org.testng.reporters.JUnitReportReporter -->
<testsuite hostname="LIE-5CG9343RYC" failures="0" tests="5" name="StepDefinitions.TestRunner" time="102.497" errors="0" timestamp="2021-06-02T09:26:37 IST" skipped="0">
  <testcase classname="StepDefinitions.TestRunner" name="runScenario" time="21.150"/>
  <system-out/>
  <testcase classname="StepDefinitions.TestRunner" name="runScenario" time="21.158"/>
  <system-out/>
  <testcase classname="StepDefinitions.TestRunner" name="runScenario" time="18.356"/>
  <system-out/>
  <testcase classname="StepDefinitions.TestRunner" name="runScenario" time="21.660"/>
  <system-out/>
  <testcase classname="StepDefinitions.TestRunner" name="runScenario" time="20.173"/>
  <system-out/>
</testsuite> <!-- StepDefinitions.TestRunner -->
