<?xml version="1.0" encoding="UTF-8"?>
<!-- Generated by org.testng.reporters.JUnitReportReporter -->
<testsuite hostname="LIE-5CG9343RYC" failures="0" tests="5" name="StepDefinitions.TestRunner" time="97.913" errors="0" timestamp="2021-05-31T15:46:14 IST" skipped="0">
  <testcase classname="StepDefinitions.TestRunner" name="runScenario" time="18.658"/>
  <system-out/>
  <testcase classname="StepDefinitions.TestRunner" name="runScenario" time="18.777"/>
  <system-out/>
  <testcase classname="StepDefinitions.TestRunner" name="runScenario" time="22.693"/>
  <system-out/>
  <testcase classname="StepDefinitions.TestRunner" name="runScenario" time="18.762"/>
  <system-out/>
  <testcase classname="StepDefinitions.TestRunner" name="runScenario" time="19.023"/>
  <system-out/>
</testsuite> <!-- StepDefinitions.TestRunner -->
